#
# A fatal error has been detected by the Java Runtime Environment:
#
#  EXCEPTION_ACCESS_VIOLATION (0xc0000005) at pc=0x00000000075df17b, pid=11824, tid=0x0000000000001880
#
# JRE version: OpenJDK Runtime Environment (8.0) (build 1.8.0-9-microsoft-b00)
# Java VM: OpenJDK 64-Bit Server VM (25.71-b00 mixed mode windows-amd64 compressed oops)
# Problematic frame:
# V  [jvm.dll+0xef17b]
#
# Failed to write core dump. Minidumps are not enabled by default on client versions of Windows
#
# If you would like to submit a bug report, please visit:
#   http://bugreport.java.com/bugreport/crash.jsp
#

---------------  T H R E A D  ---------------

Current thread (0x0000000002498000):  GCTaskThread [stack: 0x00000000026c0000,0x00000000027c0000] [id=6272]

siginfo: ExceptionCode=0xc0000005, reading address 0x0000000088bdf058

Registers:
RAX=0x0000000003b60000, RBX=0x00000000c5ce41e8, RCX=0x0000000000000000, RDX=0x0000000000000001
RSP=0x00000000027bf610, RBP=0x00000000c75cd77c, RSI=0x0000000006722220, RDI=0x0000000006722220
R8 =0x0000000088bdf050, R9 =0x000000008007ca68, R10=0x000000000000000c, R11=0x0000000007ab8928
R12=0x00000000c75cd788, R13=0x000000008007cc48, R14=0x000000008007cc50, R15=0x00000000c75cd760
RIP=0x00000000075df17b, EFLAGS=0x0000000000010206

Top of Stack: (sp=0x00000000027bf610)
0x00000000027bf610:   000000008007ca68 00000000c75cd74c
0x00000000027bf620:   0000000000000005 00000000076e5dd2
0x00000000027bf630:   0000000000000000 00000000024984d0
0x00000000027bf640:   000000000248c870 000001710000002b
0x00000000027bf650:   0000000000000059 00000000078b3bf0
0x00000000027bf660:   0000000016d40308 0000000000000000
0x00000000027bf670:   0000000006722220 0000000007b04ab8
0x00000000027bf680:   000001700000002b 000001710000002b
0x00000000027bf690:   0000000007cb5aa0 0000000000000005
0x00000000027bf6a0:   0000000000000000 000000af0000002b
0x00000000027bf6b0:   00000000c64b01f4 00000000075df216
0x00000000027bf6c0:   00000000c66b1088 000000000248c870
0x00000000027bf6d0:   00000000024984e0 00000000024984d0
0x00000000027bf6e0:   0000000007b04ab8 0000000000000005
0x00000000027bf6f0:   000000001acfad70 0000000000000000
0x00000000027bf700:   0000000006722220 00000000078b156f 

Instructions: (pc=0x00000000075df17b)
0x00000000075df15b:   6c 00 84 d2 74 16 44 8b 43 08 8b 0d ed d4 66 00
0x00000000075df16b:   49 d3 e0 4c 03 05 db d4 66 00 eb 04 4c 8b 43 08
0x00000000075df17b:   45 8b 48 08 45 85 c9 7e 0c 41 f6 c1 01 75 4b 41
0x00000000075df18b:   c1 f9 03 eb 57 79 43 84 d2 41 8b c9 b8 10 00 00 


Register to memory mapping:

RAX=0x0000000003b60000 is an unknown value
RBX=0x00000000c5ce41e8 is pointing into object: 0x00000000c5ce4180
[B 
 - klass: {type array byte}
 - length: 1578
RCX=0x0000000000000000 is an unknown value
RDX=0x0000000000000001 is an unknown value
RSP=0x00000000027bf610 is an unknown value
RBP=0x00000000c75cd77c is pointing into object: 0x00000000c75cd760
com.android.dx.rop.code.Rop 
 - klass: 'com/android/dx/rop/code/Rop'
RSI=0x0000000006722220 is an unknown value
RDI=0x0000000006722220 is an unknown value
R8 =0x0000000088bdf050 is an unknown value
R9 =0x000000008007ca68 is pointing into metadata
R10=0x000000000000000c is an unknown value
R11=0x0000000007ab8928 is an unknown value
R12=0x00000000c75cd788 is an oop
com.android.dx.util.IntList 
 - klass: 'com/android/dx/util/IntList'
R13=0x000000008007cc48 is pointing into metadata
R14=0x000000008007cc50 is pointing into metadata
R15=0x00000000c75cd760 is an oop
com.android.dx.rop.code.Rop 
 - klass: 'com/android/dx/rop/code/Rop'


Stack: [0x00000000026c0000,0x00000000027c0000],  sp=0x00000000027bf610,  free space=1021k
Native frames: (J=compiled Java code, j=interpreted, Vv=VM code, C=native code)
V  [jvm.dll+0xef17b]
V  [jvm.dll+0x3c3bf0]
V  [jvm.dll+0x3c156f]
V  [jvm.dll+0x3bea4e]
V  [jvm.dll+0x26d84a]
C  [msvcr100.dll+0x21db7]
C  [msvcr100.dll+0x21e53]
C  [kernel32.dll+0x1652d]
C  [ntdll.dll+0x2c541]


---------------  P R O C E S S  ---------------

Java Threads: ( => current thread )
  0x0000000018e06800 JavaThread "pool-2-thread-1" [_thread_blocked, id=11740, stack(0x0000000019810000,0x0000000019910000)]
  0x0000000018e06000 JavaThread "pool-1-thread-1" [_thread_blocked, id=9768, stack(0x0000000019690000,0x0000000019790000)]
  0x0000000017146800 JavaThread "Service Thread" daemon [_thread_blocked, id=9088, stack(0x00000000183e0000,0x00000000184e0000)]
  0x00000000170b9000 JavaThread "C1 CompilerThread3" daemon [_thread_blocked, id=10080, stack(0x0000000018af0000,0x0000000018bf0000)]
  0x00000000170b8000 JavaThread "C2 CompilerThread2" daemon [_thread_in_native, id=10388, stack(0x0000000018680000,0x0000000018780000)]
  0x00000000170af800 JavaThread "C2 CompilerThread1" daemon [_thread_blocked, id=8944, stack(0x00000000188e0000,0x00000000189e0000)]
  0x00000000170a0000 JavaThread "C2 CompilerThread0" daemon [_thread_blocked, id=8556, stack(0x0000000018780000,0x0000000018880000)]
  0x000000001708c800 JavaThread "Attach Listener" daemon [_thread_blocked, id=5116, stack(0x00000000181a0000,0x00000000182a0000)]
  0x000000001709e800 JavaThread "Signal Dispatcher" daemon [_thread_blocked, id=10380, stack(0x0000000018550000,0x0000000018650000)]
  0x0000000006753000 JavaThread "Finalizer" daemon [_thread_blocked, id=10068, stack(0x00000000182e0000,0x00000000183e0000)]
  0x000000000674b000 JavaThread "Reference Handler" daemon [_thread_blocked, id=10192, stack(0x00000000180a0000,0x00000000181a0000)]
  0x000000000251f800 JavaThread "main" [_thread_blocked, id=12020, stack(0x00000000027d0000,0x00000000028d0000)]

Other Threads:
  0x0000000016fc3000 VMThread [stack: 0x0000000017f20000,0x0000000018020000] [id=6240]
  0x0000000017123800 WatcherThread [stack: 0x0000000018cf0000,0x0000000018df0000] [id=12080]

=>0x0000000002498000 (exited) GCTaskThread [stack: 0x00000000026c0000,0x00000000027c0000] [id=6272]

VM state:at safepoint (normal execution)

VM Mutex/Monitor currently owned by a thread:  ([mutex/lock_event])
[0x000000000251dae0] Threads_lock - owner thread: 0x0000000016fc3000
[0x000000000251dfe0] Heap_lock - owner thread: 0x000000000251f800

Heap:
 PSYoungGen      total 209408K, used 60914K [0x00000000eab00000, 0x0000000100000000, 0x0000000100000000)
  eden space 148480K, 0% used [0x00000000eab00000,0x00000000eab00000,0x00000000f3c00000)
  from space 60928K, 99% used [0x00000000fc480000,0x00000000ffffcbb0,0x0000000100000000)
  to   space 100352K, 0% used [0x00000000f3c00000,0x00000000f3c00000,0x00000000f9e00000)
 ParOldGen       total 175104K, used 148169K [0x00000000c0000000, 0x00000000cab00000, 0x00000000eab00000)
  object space 175104K, 84% used [0x00000000c0000000,0x00000000c90b2680,0x00000000cab00000)
 Metaspace       used 6891K, capacity 7384K, committed 7680K, reserved 1056768K
  class space    used 632K, capacity 656K, committed 768K, reserved 1048576K

Card table byte_map: [0x0000000002c90000,0x0000000002ea0000] byte_map_base: 0x0000000002690000

Marking Bits: (ParMarkBitMap*) 0x0000000007cb5aa0
 Begin Bits: [0x0000000003b60000, 0x0000000004b60000)
 End Bits:   [0x0000000004b60000, 0x0000000005b60000)

Polling page: 0x0000000000350000

CodeCache: size=245760Kb used=11414Kb max_used=11415Kb free=234345Kb
 bounds [0x0000000007d40000, 0x0000000008880000, 0x0000000016d40000]
 total_blobs=2747 nmethods=2470 adapters=190
 compilation: enabled

Compilation events (10 events):
Event: 3.390 Thread 0x00000000170b9000 2625       2       java.util.concurrent.ConcurrentHashMap$TreeBin::balanceInsertion (245 bytes)
Event: 3.391 Thread 0x00000000170b9000 nmethod 2625 0x000000000885dad0 code [0x000000000885dcc0, 0x000000000885e298]
Event: 3.391 Thread 0x00000000170b9000 2626       2       java.util.concurrent.ConcurrentHashMap$TreeNode::<init> (16 bytes)
Event: 3.391 Thread 0x00000000170b9000 nmethod 2626 0x000000000885d750 code [0x000000000885d8a0, 0x000000000885da50]
Event: 3.401 Thread 0x00000000170b9000 2627       2       java.util.concurrent.locks.AbstractQueuedSynchronizer$ConditionObject::await (98 bytes)
Event: 3.402 Thread 0x00000000170b9000 nmethod 2627 0x000000000885c8d0 code [0x000000000885cae0, 0x000000000885d188]
Event: 3.412 Thread 0x00000000170b9000 2629       1       java.nio.charset.CharsetDecoder::implReset (1 bytes)
Event: 3.412 Thread 0x00000000170b9000 nmethod 2629 0x0000000008814090 code [0x00000000088141e0, 0x00000000088142f0]
Event: 3.424 Thread 0x00000000170b9000 2631       2       com.android.dx.ssa.ConstCollector::updateConstUses (208 bytes)
Event: 3.425 Thread 0x00000000170b9000 nmethod 2631 0x0000000008865810 code [0x0000000008865a40, 0x00000000088661d8]

GC Heap History (10 events):
Event: 1.276 GC heap after
Heap after GC invocations=4 (full 0):
 PSYoungGen      total 272896K, used 10733K [0x00000000eab00000, 0x00000000fc000000, 0x0000000100000000)
  eden space 262144K, 0% used [0x00000000eab00000,0x00000000eab00000,0x00000000fab00000)
  from space 10752K, 99% used [0x00000000fb580000,0x00000000fbffb408,0x00000000fc000000)
  to   space 10752K, 0% used [0x00000000fab00000,0x00000000fab00000,0x00000000fb580000)
 ParOldGen       total 175104K, used 57506K [0x00000000c0000000, 0x00000000cab00000, 0x00000000eab00000)
  object space 175104K, 32% used [0x00000000c0000000,0x00000000c3828bc8,0x00000000cab00000)
 Metaspace       used 6767K, capacity 7320K, committed 7680K, reserved 1056768K
  class space    used 631K, capacity 656K, committed 768K, reserved 1048576K
}
Event: 1.950 GC heap before
{Heap before GC invocations=5 (full 0):
 PSYoungGen      total 272896K, used 272877K [0x00000000eab00000, 0x00000000fc000000, 0x0000000100000000)
  eden space 262144K, 100% used [0x00000000eab00000,0x00000000fab00000,0x00000000fab00000)
  from space 10752K, 99% used [0x00000000fb580000,0x00000000fbffb408,0x00000000fc000000)
  to   space 10752K, 0% used [0x00000000fab00000,0x00000000fab00000,0x00000000fb580000)
 ParOldGen       total 175104K, used 57506K [0x00000000c0000000, 0x00000000cab00000, 0x00000000eab00000)
  object space 175104K, 32% used [0x00000000c0000000,0x00000000c3828bc8,0x00000000cab00000)
 Metaspace       used 6857K, capacity 7384K, committed 7680K, reserved 1056768K
  class space    used 632K, capacity 656K, committed 768K, reserved 1048576K
Event: 1.992 GC heap after
Heap after GC invocations=5 (full 0):
 PSYoungGen      total 272896K, used 10750K [0x00000000eab00000, 0x0000000100000000, 0x0000000100000000)
  eden space 262144K, 0% used [0x00000000eab00000,0x00000000eab00000,0x00000000fab00000)
  from space 10752K, 99% used [0x00000000fab00000,0x00000000fb57f8e0,0x00000000fb580000)
  to   space 55296K, 0% used [0x00000000fca00000,0x00000000fca00000,0x0000000100000000)
 ParOldGen       total 175104K, used 95150K [0x00000000c0000000, 0x00000000cab00000, 0x00000000eab00000)
  object space 175104K, 54% used [0x00000000c0000000,0x00000000c5cebbf8,0x00000000cab00000)
 Metaspace       used 6857K, capacity 7384K, committed 7680K, reserved 1056768K
  class space    used 632K, capacity 656K, committed 768K, reserved 1048576K
}
Event: 2.489 GC heap before
{Heap before GC invocations=6 (full 0):
 PSYoungGen      total 272896K, used 272894K [0x00000000eab00000, 0x0000000100000000, 0x0000000100000000)
  eden space 262144K, 100% used [0x00000000eab00000,0x00000000fab00000,0x00000000fab00000)
  from space 10752K, 99% used [0x00000000fab00000,0x00000000fb57f8e0,0x00000000fb580000)
  to   space 55296K, 0% used [0x00000000fca00000,0x00000000fca00000,0x0000000100000000)
 ParOldGen       total 175104K, used 95150K [0x00000000c0000000, 0x00000000cab00000, 0x00000000eab00000)
  object space 175104K, 54% used [0x00000000c0000000,0x00000000c5cebbf8,0x00000000cab00000)
 Metaspace       used 6873K, capacity 7384K, committed 7680K, reserved 1056768K
  class space    used 632K, capacity 656K, committed 768K, reserved 1048576K
Event: 2.561 GC heap after
Heap after GC invocations=6 (full 0):
 PSYoungGen      total 282624K, used 47198K [0x00000000eab00000, 0x0000000100000000, 0x0000000100000000)
  eden space 227328K, 0% used [0x00000000eab00000,0x00000000eab00000,0x00000000f8900000)
  from space 55296K, 85% used [0x00000000fca00000,0x00000000ff817950,0x0000000100000000)
  to   space 60928K, 0% used [0x00000000f8900000,0x00000000f8900000,0x00000000fc480000)
 ParOldGen       total 175104K, used 95150K [0x00000000c0000000, 0x00000000cab00000, 0x00000000eab00000)
  object space 175104K, 54% used [0x00000000c0000000,0x00000000c5cebbf8,0x00000000cab00000)
 Metaspace       used 6873K, capacity 7384K, committed 7680K, reserved 1056768K
  class space    used 632K, capacity 656K, committed 768K, reserved 1048576K
}
Event: 3.030 GC heap before
{Heap before GC invocations=7 (full 0):
 PSYoungGen      total 282624K, used 274526K [0x00000000eab00000, 0x0000000100000000, 0x0000000100000000)
  eden space 227328K, 100% used [0x00000000eab00000,0x00000000f8900000,0x00000000f8900000)
  from space 55296K, 85% used [0x00000000fca00000,0x00000000ff817950,0x0000000100000000)
  to   space 60928K, 0% used [0x00000000f8900000,0x00000000f8900000,0x00000000fc480000)
 ParOldGen       total 175104K, used 95150K [0x00000000c0000000, 0x00000000cab00000, 0x00000000eab00000)
  object space 175104K, 54% used [0x00000000c0000000,0x00000000c5cebbf8,0x00000000cab00000)
 Metaspace       used 6885K, capacity 7384K, committed 7680K, reserved 1056768K
  class space    used 632K, capacity 656K, committed 768K, reserved 1048576K
Event: 3.095 GC heap after
Heap after GC invocations=7 (full 0):
 PSYoungGen      total 288256K, used 60896K [0x00000000eab00000, 0x0000000100000000, 0x0000000100000000)
  eden space 227328K, 0% used [0x00000000eab00000,0x00000000eab00000,0x00000000f8900000)
  from space 60928K, 99% used [0x00000000f8900000,0x00000000fc4783f8,0x00000000fc480000)
  to   space 60928K, 0% used [0x00000000fc480000,0x00000000fc480000,0x0000000100000000)
 ParOldGen       total 175104K, used 114023K [0x00000000c0000000, 0x00000000cab00000, 0x00000000eab00000)
  object space 175104K, 65% used [0x00000000c0000000,0x00000000c6f59c28,0x00000000cab00000)
 Metaspace       used 6885K, capacity 7384K, committed 7680K, reserved 1056768K
  class space    used 632K, capacity 656K, committed 768K, reserved 1048576K
}
Event: 3.441 GC heap before
{Heap before GC invocations=8 (full 0):
 PSYoungGen      total 288256K, used 288224K [0x00000000eab00000, 0x0000000100000000, 0x0000000100000000)
  eden space 227328K, 100% used [0x00000000eab00000,0x00000000f8900000,0x00000000f8900000)
  from space 60928K, 99% used [0x00000000f8900000,0x00000000fc4783f8,0x00000000fc480000)
  to   space 60928K, 0% used [0x00000000fc480000,0x00000000fc480000,0x0000000100000000)
 ParOldGen       total 175104K, used 114023K [0x00000000c0000000, 0x00000000cab00000, 0x00000000eab00000)
  object space 175104K, 65% used [0x00000000c0000000,0x00000000c6f59c28,0x00000000cab00000)
 Metaspace       used 6891K, capacity 7384K, committed 7680K, reserved 1056768K
  class space    used 632K, capacity 656K, committed 768K, reserved 1048576K
Event: 3.524 GC heap after
Heap after GC invocations=8 (full 0):
 PSYoungGen      total 209408K, used 60914K [0x00000000eab00000, 0x0000000100000000, 0x0000000100000000)
  eden space 148480K, 0% used [0x00000000eab00000,0x00000000eab00000,0x00000000f3c00000)
  from space 60928K, 99% used [0x00000000fc480000,0x00000000ffffcbb0,0x0000000100000000)
  to   space 100352K, 0% used [0x00000000f3c00000,0x00000000f3c00000,0x00000000f9e00000)
 ParOldGen       total 175104K, used 148169K [0x00000000c0000000, 0x00000000cab00000, 0x00000000eab00000)
  object space 175104K, 84% used [0x00000000c0000000,0x00000000c90b2680,0x00000000cab00000)
 Metaspace       used 6891K, capacity 7384K, committed 7680K, reserved 1056768K
  class space    used 632K, capacity 656K, committed 768K, reserved 1048576K
}
Event: 3.524 GC heap before
{Heap before GC invocations=9 (full 1):
 PSYoungGen      total 209408K, used 60914K [0x00000000eab00000, 0x0000000100000000, 0x0000000100000000)
  eden space 148480K, 0% used [0x00000000eab00000,0x00000000eab00000,0x00000000f3c00000)
  from space 60928K, 99% used [0x00000000fc480000,0x00000000ffffcbb0,0x0000000100000000)
  to   space 100352K, 0% used [0x00000000f3c00000,0x00000000f3c00000,0x00000000f9e00000)
 ParOldGen       total 175104K, used 148169K [0x00000000c0000000, 0x00000000cab00000, 0x00000000eab00000)
  object space 175104K, 84% used [0x00000000c0000000,0x00000000c90b2680,0x00000000cab00000)
 Metaspace       used 6891K, capacity 7384K, committed 7680K, reserved 1056768K
  class space    used 632K, capacity 656K, committed 768K, reserved 1048576K

Deoptimization events (10 events):
Event: 2.345 Thread 0x000000000251f800 Uncommon trap: reason=unstable_if action=reinterpret pc=0x00000000085fbbf0 method=com.android.dx.rop.code.RegisterSpec.equals(ILcom/android/dx/rop/type/TypeBearer;Lcom/android/dx/rop/code/LocalItem;)Z @ 42
Event: 2.346 Thread 0x000000000251f800 Uncommon trap: reason=unstable_if action=reinterpret pc=0x00000000086d493c method=com.android.dx.rop.code.RegisterSpec.equals(ILcom/android/dx/rop/type/TypeBearer;Lcom/android/dx/rop/code/LocalItem;)Z @ 42
Event: 2.361 Thread 0x0000000018e06000 Uncommon trap: reason=unstable_if action=reinterpret pc=0x00000000087452a4 method=java.util.HashMap.getNode(ILjava/lang/Object;)Ljava/util/HashMap$Node; @ 84
Event: 2.442 Thread 0x0000000018e06000 Uncommon trap: reason=class_check action=maybe_recompile pc=0x0000000008635de0 method=com.android.dx.cf.code.RopperMachine.run(Lcom/android/dx/cf/code/Frame;II)V @ 1051
Event: 2.442 Thread 0x0000000018e06000 Uncommon trap: reason=class_check action=maybe_recompile pc=0x0000000008635de0 method=com.android.dx.cf.code.RopperMachine.run(Lcom/android/dx/cf/code/Frame;II)V @ 1051
Event: 2.442 Thread 0x0000000018e06000 Uncommon trap: reason=class_check action=maybe_recompile pc=0x0000000008635de0 method=com.android.dx.cf.code.RopperMachine.run(Lcom/android/dx/cf/code/Frame;II)V @ 1051
Event: 2.442 Thread 0x0000000018e06000 Uncommon trap: reason=class_check action=maybe_recompile pc=0x0000000008635de0 method=com.android.dx.cf.code.RopperMachine.run(Lcom/android/dx/cf/code/Frame;II)V @ 1051
Event: 2.602 Thread 0x000000000251f800 Uncommon trap: reason=unstable_if action=reinterpret pc=0x000000000801cefc method=com.android.dx.ssa.NormalSsaInsn.getLocalAssignment()Lcom/android/dx/rop/code/RegisterSpec; @ 47
Event: 3.139 Thread 0x000000000251f800 Uncommon trap: reason=bimorphic action=maybe_recompile pc=0x00000000087b46fc method=java.util.HashMap.getNode(ILjava/lang/Object;)Ljava/util/HashMap$Node; @ 126
Event: 3.139 Thread 0x000000000251f800 Uncommon trap: reason=bimorphic action=maybe_recompile pc=0x00000000087b46fc method=java.util.HashMap.getNode(ILjava/lang/Object;)Ljava/util/HashMap$Node; @ 126

Classes redefined (0 events):
No events

Internal exceptions (7 events):
Event: 0.019 Thread 0x000000000251f800 Exception <a 'java/lang/NoSuchMethodError': Method sun.misc.Unsafe.defineClass(Ljava/lang/String;[BII)Ljava/lang/Class; name or signature does not match> (0x00000000eab07ca8) thrown at [D:\j\workspace\openjdk-win64\jdk8u\hotspot\src\share\vm\prims\jni.cpp
Event: 0.019 Thread 0x000000000251f800 Exception <a 'java/lang/NoSuchMethodError': Method sun.misc.Unsafe.prefetchRead(Ljava/lang/Object;J)V name or signature does not match> (0x00000000eab07f90) thrown at [D:\j\workspace\openjdk-win64\jdk8u\hotspot\src\share\vm\prims\jni.cpp, line 4011]
Event: 1.022 Thread 0x0000000018e06000 Exception <a 'java/lang/ArrayIndexOutOfBoundsException': 18> (0x00000000ec79aa30) thrown at [D:\j\workspace\openjdk-win64\jdk8u\hotspot\src\share\vm\interpreter\interpreterRuntime.cpp, line 366]
Event: 1.022 Thread 0x0000000018e06000 Exception <a 'java/lang/ArrayIndexOutOfBoundsException': 145> (0x00000000ec79c5b0) thrown at [D:\j\workspace\openjdk-win64\jdk8u\hotspot\src\share\vm\interpreter\interpreterRuntime.cpp, line 366]
Event: 1.023 Thread 0x0000000018e06000 Exception <a 'java/lang/ArrayIndexOutOfBoundsException'> (0x00000000ec79d898) thrown at [D:\j\workspace\openjdk-win64\jdk8u\hotspot\src\share\vm\runtime\sharedRuntime.cpp, line 605]
Event: 1.302 Thread 0x000000000251f800 Implicit null exception at 0x0000000008003292 to 0x000000000800338a
Event: 1.563 Thread 0x0000000018e06000 Implicit null exception at 0x000000000840926e to 0x0000000008409b31

Events (10 events):
Event: 3.424 Thread 0x0000000018e06000 DEOPT UNPACKING pc=0x0000000007d875d0 sp=0x000000001978e8f8 mode 0
Event: 3.427 Thread 0x0000000018e06000 DEOPT PACKING pc=0x000000000818e866 sp=0x000000001978ea40
Event: 3.427 Thread 0x0000000018e06000 DEOPT UNPACKING pc=0x0000000007d875d0 sp=0x000000001978e880 mode 0
Event: 3.427 Thread 0x0000000018e06000 DEOPT PACKING pc=0x00000000084dbb6e sp=0x000000001978eb30
Event: 3.427 Thread 0x0000000018e06000 DEOPT UNPACKING pc=0x0000000007d875d0 sp=0x000000001978e898 mode 0
Event: 3.429 Thread 0x000000000251f800 DEOPT PACKING pc=0x0000000008195abd sp=0x00000000028ce2e0
Event: 3.429 Thread 0x000000000251f800 DEOPT UNPACKING pc=0x0000000007d875d0 sp=0x00000000028ce110 mode 0
Event: 3.439 Thread 0x000000000251f800 DEOPT PACKING pc=0x00000000087270be sp=0x00000000028ce370
Event: 3.440 Thread 0x000000000251f800 DEOPT UNPACKING pc=0x0000000007d875d0 sp=0x00000000028ce118 mode 0
Event: 3.441 Executing VM operation: ParallelGCFailedAllocation


Dynamic libraries:
0x000000013f760000 - 0x000000013f795000 	C:\Program Files\Android\jdk\microsoft_dist_openjdk_1.8.0.9\bin\java.exe
0x00000000776b0000 - 0x0000000077859000 	C:\Windows\SYSTEM32\ntdll.dll
0x000007fede480000 - 0x000007fede492000 	D:\Program Files (x86)\AVG\Antivirus\aswhook.dll
0x0000000077490000 - 0x00000000775af000 	C:\Windows\system32\kernel32.dll
0x000007fefd920000 - 0x000007fefd98b000 	C:\Windows\system32\KERNELBASE.dll
0x000007fefe650000 - 0x000007fefe72b000 	C:\Windows\system32\ADVAPI32.dll
0x000007fefe880000 - 0x000007fefe91f000 	C:\Windows\system32\msvcrt.dll
0x000007fefda50000 - 0x000007fefda6f000 	C:\Windows\SYSTEM32\sechost.dll
0x000007fefe730000 - 0x000007fefe85d000 	C:\Windows\system32\RPCRT4.dll
0x00000000775b0000 - 0x00000000776aa000 	C:\Windows\system32\USER32.dll
0x000007fefe2a0000 - 0x000007fefe307000 	C:\Windows\system32\GDI32.dll
0x000007fefe030000 - 0x000007fefe03e000 	C:\Windows\system32\LPK.dll
0x000007fefe470000 - 0x000007fefe539000 	C:\Windows\system32\USP10.dll
0x000007fefa8b0000 - 0x000007fefaaa4000 	C:\Windows\WinSxS\amd64_microsoft.windows.common-controls_6595b64144ccf1df_6.0.7601.17514_none_fa396087175ac9ac\COMCTL32.dll
0x000007fefd9d0000 - 0x000007fefda41000 	C:\Windows\system32\SHLWAPI.dll
0x000007fefe090000 - 0x000007fefe0be000 	C:\Windows\system32\IMM32.DLL
0x000007fefe540000 - 0x000007fefe649000 	C:\Windows\system32\MSCTF.dll
0x0000000078e70000 - 0x0000000078f41000 	C:\Program Files\Android\jdk\microsoft_dist_openjdk_1.8.0.9\jre\bin\msvcr100.dll
0x00000000074f0000 - 0x0000000007d31000 	C:\Program Files\Android\jdk\microsoft_dist_openjdk_1.8.0.9\jre\bin\server\jvm.dll
0x000007fefa3e0000 - 0x000007fefa3e9000 	C:\Windows\system32\WSOCK32.dll
0x000007fefe040000 - 0x000007fefe08d000 	C:\Windows\system32\WS2_32.dll
0x000007fefe1f0000 - 0x000007fefe1f8000 	C:\Windows\system32\NSI.dll
0x000007fef73b0000 - 0x000007fef73eb000 	C:\Windows\system32\WINMM.dll
0x000007fefc8e0000 - 0x000007fefc8ec000 	C:\Windows\system32\VERSION.dll
0x0000000077870000 - 0x0000000077877000 	C:\Windows\system32\PSAPI.DLL
0x000007fecc5e0000 - 0x000007fecc5ef000 	C:\Program Files\Android\jdk\microsoft_dist_openjdk_1.8.0.9\jre\bin\verify.dll
0x000007fecc5b0000 - 0x000007fecc5d9000 	C:\Program Files\Android\jdk\microsoft_dist_openjdk_1.8.0.9\jre\bin\java.dll
0x000007fecc590000 - 0x000007fecc5a6000 	C:\Program Files\Android\jdk\microsoft_dist_openjdk_1.8.0.9\jre\bin\zip.dll
0x000007fefe920000 - 0x000007feff6a8000 	C:\Windows\system32\SHELL32.dll
0x000007feff6b0000 - 0x000007feff8b3000 	C:\Windows\system32\ole32.dll
0x000007fefd600000 - 0x000007fefd60f000 	C:\Windows\system32\profapi.dll
0x000007fef8e00000 - 0x000007fef8f25000 	C:\Windows\system32\dbghelp.dll

VM Arguments:
jvm_args: -Xmx1G 
java_command: D:\Xamarin\android-sdk\build-tools\28.0.3\\lib\dx.jar --dex --no-strict --output obj\Debug\81\android\bin D:\Xamarin\AATS\AATS\AATS.Android\obj\Debug\81\android\bin\classes.zip D:\Program Files (x86)\Microsoft Visual Studio\2017\Community\Common7\IDE\ReferenceAssemblies\Microsoft\Framework\MonoAndroid\v8.1\mono.android.jar obj\Debug\81\lp\18\jl\arch-core-common.jar obj\Debug\81\lp\19\jl\arch-lifecycle-common.jar obj\Debug\81\lp\20\jl\bin\classes.jar obj\Debug\81\lp\21\jl\bin\classes.jar obj\Debug\81\lp\22\jl\bin\classes.jar obj\Debug\81\lp\24\jl\bin\classes.jar obj\Debug\81\lp\25\jl\bin\classes.jar obj\Debug\81\lp\26\jl\bin\classes.jar obj\Debug\81\lp\27\jl\bin\classes.jar obj\Debug\81\lp\28\jl\classes.jar obj\Debug\81\lp\29\jl\bin\classes.jar obj\Debug\81\lp\3\jl\formsviewgroup.jar obj\Debug\81\lp\30\jl\bin\classes.jar obj\Debug\81\lp\31\jl\bin\classes.jar obj\Debug\81\lp\32\jl\bin\classes.jar obj\Debug\81\lp\33\jl\bin\classes.jar obj\Debug\81\lp\34\jl\bin\classes.jar obj\Debug\81\lp\35\jl\bin\classes.jar obj\Debug\81\lp\36\jl\bin\classes.jar obj\Debug\81\lp\37\jl\bin\classes.jar obj\Debug\81\lp\38\jl\bin\classes.jar
java_class_path (initial): D:\Xamarin\android-sdk\build-tools\28.0.3\\lib\dx.jar
Launcher Type: SUN_STANDARD

Environment Variables:
JAVA_HOME=C:\Program Files\Android\jdk\microsoft_dist_openjdk_1.8.0.9
PATH=C:\Program Files\Android\jdk\microsoft_dist_openjdk_1.8.0.9\bin;D:\Program Files\Java\jdk1.8.0_192\jre\bin;D:\Program Files\Java\jdk1.8.0_192\bin;C:\Windows\system32;C:\Windows;C:\Windows\System32\Wbem;C:\Windows\System32\WindowsPowerShell\v1.0\;C:\Program Files (x86)\NVIDIA Corporation\PhysX\Common;C:\Program Files (x86)\Skype\Phone\;;C:\Program Files\NVIDIA Corporation\NVIDIA NvDLISR;D:\Program Files (x86)\Brackets\command;C:\Program Files\dotnet\;C:\Program Files\Microsoft SQL Server\130\Tools\Binn\;C:\Users\Win7\AppData\Local\atom\bin;
USERNAME=Win7
OS=Windows_NT
PROCESSOR_IDENTIFIER=Intel64 Family 6 Model 60 Stepping 3, GenuineIntel



---------------  S Y S T E M  ---------------

OS: Windows 7 , 64 bit Build 7601 (6.1.7601.18015)

CPU:total 8 (initial active 8) (4 cores per cpu, 2 threads per core) family 6 model 60 stepping 3, cmov, cx8, fxsr, mmx, sse, sse2, sse3, ssse3, sse4.1, sse4.2, popcnt, avx, avx2, aes, clmul, erms, rtm, lzcnt, ht, tsc, tscinvbit, bmi1, bmi2

Memory: 4k page, physical 16714208k(7678972k free), swap 33426560k(21197524k free)

vm_info: OpenJDK 64-Bit Server VM (25.71-b00) for windows-amd64 JRE (1.8.0-9-microsoft-b00), built on Jul 24 2018 20:49:06 by "azure-builder" with MS VC++ 10.0 (VS2010)

time: Sat Apr 13 12:27:39 2019
elapsed time: 3 seconds (0d 0h 0m 3s)

